<?xml version="1.0" encoding="UTF-8"?>
<!-- Generated by org.testng.reporters.JUnitReportReporter -->
<testsuite skipped="0" hostname="Vikraman-PC" name="com.acttime.createCustomerTest.UserTest" tests="1" failures="0" timestamp="06 May 2019 16:10:43 GMT" time="7.179" errors="0">
  <testcase name="userTestData" time="7.179" classname="com.acttime.createCustomerTest.UserTest"/>
</testsuite> <!-- com.acttime.createCustomerTest.UserTest -->
